<?xml version="1.0" encoding="UTF-8"?>
<testng-results ignored="0" total="1" passed="1" failed="0" skipped="0">
  <reporter-output>
  </reporter-output>
  <suite started-at="2021-12-11T16:14:01 EST" name="Default suite" finished-at="2021-12-11T16:14:19 EST" duration-ms="17245">
    <groups>
    </groups>
    <test started-at="2021-12-11T16:14:01 EST" name="Default test" finished-at="2021-12-11T16:14:19 EST" duration-ms="17245">
      <class name="omecenTestNG.tests.PaymentsTest">
        <test-method is-config="true" signature="oppenApplication()[pri:0, instance:omecenTestNG.tests.PaymentsTest@3ee37e5a]" started-at="2021-12-11T16:14:01 EST" name="oppenApplication" finished-at="2021-12-11T16:14:07 EST" duration-ms="5219" status="PASS">
          <reporter-output>
          </reporter-output>
        </test-method> <!-- oppenApplication -->
        <test-method signature="paymentsTest()[pri:0, instance:omecenTestNG.tests.PaymentsTest@3ee37e5a]" started-at="2021-12-11T16:14:07 EST" name="paymentsTest" finished-at="2021-12-11T16:14:19 EST" duration-ms="11991" status="PASS">
          <reporter-output>
          </reporter-output>
        </test-method> <!-- paymentsTest -->
      </class> <!-- omecenTestNG.tests.PaymentsTest -->
    </test> <!-- Default test -->
  </suite> <!-- Default suite -->
</testng-results>
